[0.014s] Invoking command in '/home/zawl/Downloads/joe_cart/build/ldlidar_stl_ros2': CMAKE_PREFIX_PATH=${CMAKE_PREFIX_PATH}:/opt/ros/jazzy DEBUGINFOD_URLS=https://debuginfod.ubuntu.com /usr/bin/cmake /home/zawl/Downloads/joe_cart/src/ldlidar_stl_ros2 -DCMAKE_INSTALL_PREFIX=/home/zawl/Downloads/joe_cart/install/ldlidar_stl_ros2
[0.206s] -- The C compiler identification is GNU 13.3.0
[0.345s] -- The CXX compiler identification is GNU 13.3.0
[0.366s] -- Detecting C compiler ABI info
[0.440s] -- Detecting C compiler ABI info - done
[0.447s] -- Check for working C compiler: /usr/bin/cc - skipped
[0.447s] -- Detecting C compile features
[0.448s] -- Detecting C compile features - done
[0.457s] -- Detecting CXX compiler ABI info
[0.527s] -- Detecting CXX compiler ABI info - done
[0.536s] -- Check for working CXX compiler: /usr/bin/c++ - skipped
[0.536s] -- Detecting CXX compile features
[0.536s] -- Detecting CXX compile features - done
[0.564s] -- Found ament_cmake: 2.5.3 (/opt/ros/jazzy/share/ament_cmake/cmake)
[0.684s] -- Found Python3: /usr/bin/python3 (found version "3.12.3") found components: Interpreter 
[0.835s] -- Found rclcpp: 28.1.6 (/opt/ros/jazzy/share/rclcpp/cmake)
[0.919s] -- Found rosidl_generator_c: 4.6.5 (/opt/ros/jazzy/share/rosidl_generator_c/cmake)
[0.939s] -- Found rosidl_generator_cpp: 4.6.5 (/opt/ros/jazzy/share/rosidl_generator_cpp/cmake)
[0.972s] -- Using all available rosidl_typesupport_c: rosidl_typesupport_fastrtps_c;rosidl_typesupport_introspection_c
[1.002s] -- Using all available rosidl_typesupport_cpp: rosidl_typesupport_fastrtps_cpp;rosidl_typesupport_introspection_cpp
[1.121s] -- Found rmw_implementation_cmake: 7.3.1 (/opt/ros/jazzy/share/rmw_implementation_cmake/cmake)
[1.127s] -- Found rmw_fastrtps_cpp: 8.4.1 (/opt/ros/jazzy/share/rmw_fastrtps_cpp/cmake)
[1.225s] -- Found OpenSSL: /usr/lib/x86_64-linux-gnu/libcrypto.so (found version "3.0.13")  
[1.244s] -- Found FastRTPS: /opt/ros/jazzy/include (Required is at least version "2.13") 
[1.263s] -- Using RMW implementation 'rmw_fastrtps_cpp' as default
[1.366s] -- Found sensor_msgs: 5.3.5 (/opt/ros/jazzy/share/sensor_msgs/cmake)
[1.443s] -- Found ament_lint_auto: 0.17.1 (/opt/ros/jazzy/share/ament_lint_auto/cmake)
[1.556s] -- Added test 'copyright' to check source files copyright and LICENSE
[1.559s] -- Added test 'cppcheck' to perform static code analysis on C / C++ code
[1.560s] -- Configured cppcheck include dirs: /home/zawl/Downloads/joe_cart/src/ldlidar_stl_ros2/include;/home/zawl/Downloads/joe_cart/src/ldlidar_stl_ros2/ldlidar_driver/include/core;/home/zawl/Downloads/joe_cart/src/ldlidar_stl_ros2/ldlidar_driver/include/dataprocess;/home/zawl/Downloads/joe_cart/src/ldlidar_stl_ros2/ldlidar_driver/include/filter;/home/zawl/Downloads/joe_cart/src/ldlidar_stl_ros2/ldlidar_driver/include/logger;/home/zawl/Downloads/joe_cart/src/ldlidar_stl_ros2/ldlidar_driver/include/networkcom;/home/zawl/Downloads/joe_cart/src/ldlidar_stl_ros2/ldlidar_driver/include/serialcom
[1.560s] -- Configured cppcheck exclude dirs and/or files: 
[1.563s] -- Added test 'cpplint' to check C / C++ code against the Google style
[1.563s] -- Configured cpplint exclude dirs and/or files: 
[1.564s] -- Added test 'flake8' to check Python code syntax and style conventions
[1.564s] -- Configured 'flake8' exclude dirs and/or files: 
[1.565s] -- Added test 'lint_cmake' to check CMake code style
[1.566s] -- Added test 'pep257' to check Python code against some of the docstring style conventions in PEP 257
[1.568s] -- Added test 'uncrustify' to check C / C++ code style
[1.568s] -- Configured uncrustify additional arguments: 
[1.569s] -- Added test 'xmllint' to check XML markup files
[1.572s] -- Configuring done (1.6s)
[1.581s] -- Generating done (0.0s)
[1.583s] -- Build files have been written to: /home/zawl/Downloads/joe_cart/build/ldlidar_stl_ros2
[1.591s] Invoked command in '/home/zawl/Downloads/joe_cart/build/ldlidar_stl_ros2' returned '0': CMAKE_PREFIX_PATH=${CMAKE_PREFIX_PATH}:/opt/ros/jazzy DEBUGINFOD_URLS=https://debuginfod.ubuntu.com /usr/bin/cmake /home/zawl/Downloads/joe_cart/src/ldlidar_stl_ros2 -DCMAKE_INSTALL_PREFIX=/home/zawl/Downloads/joe_cart/install/ldlidar_stl_ros2
[1.592s] Invoking command in '/home/zawl/Downloads/joe_cart/build/ldlidar_stl_ros2': CMAKE_PREFIX_PATH=${CMAKE_PREFIX_PATH}:/opt/ros/jazzy DEBUGINFOD_URLS=https://debuginfod.ubuntu.com /usr/bin/cmake --build /home/zawl/Downloads/joe_cart/build/ldlidar_stl_ros2 -- -j8 -l8
[1.646s] [ 12%] [32mBuilding CXX object CMakeFiles/ldlidar_stl_ros2_node.dir/src/demo.cpp.o[0m
[1.649s] [ 37%] [32mBuilding CXX object CMakeFiles/ldlidar_stl_ros2_node.dir/ldlidar_driver/src/dataprocess/lipkg.cpp.o[0m
[1.649s] [ 37%] [32mBuilding CXX object CMakeFiles/ldlidar_stl_ros2_node.dir/ldlidar_driver/src/networkcom/network_socket_interface_linux.cpp.o[0m
[1.651s] [ 62%] [32mBuilding CXX object CMakeFiles/ldlidar_stl_ros2_node.dir/ldlidar_driver/src/serialcom/serial_interface_linux.cpp.o[0m
[1.651s] [ 62%] [32mBuilding CXX object CMakeFiles/ldlidar_stl_ros2_node.dir/ldlidar_driver/src/core/ldlidar_driver.cpp.o[0m
[1.651s] [ 75%] [32mBuilding CXX object CMakeFiles/ldlidar_stl_ros2_node.dir/ldlidar_driver/src/filter/tofbf.cpp.o[0m
[1.654s] [ 87%] [32mBuilding CXX object CMakeFiles/ldlidar_stl_ros2_node.dir/ldlidar_driver/src/logger/log_module.cpp.o[0m
[1.848s] [01m[K/home/zawl/Downloads/joe_cart/src/ldlidar_stl_ros2/ldlidar_driver/src/logger/log_module.cpp:[m[K In member function â€˜[01m[Kvoid LogModule::[01;32m[KInitLock[m[K()[m[Kâ€™:
[1.848s] [01m[K/home/zawl/Downloads/joe_cart/src/ldlidar_stl_ros2/ldlidar_driver/src/logger/log_module.cpp:172:3:[m[K [01;31m[Kerror: [m[Kâ€˜[01m[Kpthread_mutex_init[m[Kâ€™ was not declared in this scope; did you mean â€˜[01m[Kpthread_mutex_t[m[Kâ€™?
[1.849s]   172 |   [01;31m[Kpthread_mutex_init[m[K(&mutex_lock_,NULL);
[1.849s]       |   [01;31m[K^~~~~~~~~~~~~~~~~~[m[K
[1.849s]       |   [32m[Kpthread_mutex_t[m[K
[1.851s] [01m[K/home/zawl/Downloads/joe_cart/src/ldlidar_stl_ros2/ldlidar_driver/src/logger/log_module.cpp:[m[K In member function â€˜[01m[Kvoid LogModule::[01;32m[KRealseLock[m[K()[m[Kâ€™:
[1.851s] [01m[K/home/zawl/Downloads/joe_cart/src/ldlidar_stl_ros2/ldlidar_driver/src/logger/log_module.cpp:180:9:[m[K [01;31m[Kerror: [m[Kâ€˜[01m[Kpthread_mutex_unlock[m[Kâ€™ was not declared in this scope; did you mean â€˜[01m[Kpthread_mutex_t[m[Kâ€™?
[1.851s]   180 |         [01;31m[Kpthread_mutex_unlock[m[K(&mutex_lock_);
[1.851s]       |         [01;31m[K^~~~~~~~~~~~~~~~~~~~[m[K
[1.851s]       |         [32m[Kpthread_mutex_t[m[K
[1.853s] [01m[K/home/zawl/Downloads/joe_cart/src/ldlidar_stl_ros2/ldlidar_driver/src/logger/log_module.cpp:[m[K In member function â€˜[01m[Kvoid LogModule::[01;32m[KLock[m[K()[m[Kâ€™:
[1.853s] [01m[K/home/zawl/Downloads/joe_cart/src/ldlidar_stl_ros2/ldlidar_driver/src/logger/log_module.cpp:188:9:[m[K [01;31m[Kerror: [m[Kâ€˜[01m[Kpthread_mutex_lock[m[Kâ€™ was not declared in this scope; did you mean â€˜[01m[Kpthread_mutex_t[m[Kâ€™?
[1.853s]   188 |         [01;31m[Kpthread_mutex_lock[m[K(&mutex_lock_);
[1.853s]       |         [01;31m[K^~~~~~~~~~~~~~~~~~[m[K
[1.853s]       |         [32m[Kpthread_mutex_t[m[K
[1.855s] [01m[K/home/zawl/Downloads/joe_cart/src/ldlidar_stl_ros2/ldlidar_driver/src/logger/log_module.cpp:[m[K In member function â€˜[01m[Kvoid LogModule::[01;32m[KUnLock[m[K()[m[Kâ€™:
[1.855s] [01m[K/home/zawl/Downloads/joe_cart/src/ldlidar_stl_ros2/ldlidar_driver/src/logger/log_module.cpp:196:9:[m[K [01;31m[Kerror: [m[Kâ€˜[01m[Kpthread_mutex_unlock[m[Kâ€™ was not declared in this scope; did you mean â€˜[01m[Kpthread_mutex_t[m[Kâ€™?
[1.855s]   196 |         [01;31m[Kpthread_mutex_unlock[m[K(&mutex_lock_);
[1.855s]       |         [01;31m[K^~~~~~~~~~~~~~~~~~~~[m[K
[1.855s]       |         [32m[Kpthread_mutex_t[m[K
[1.893s] gmake[2]: *** [CMakeFiles/ldlidar_stl_ros2_node.dir/build.make:132: CMakeFiles/ldlidar_stl_ros2_node.dir/ldlidar_driver/src/logger/log_module.cpp.o] Error 1
[1.893s] gmake[2]: *** Waiting for unfinished jobs....
[4.906s] gmake[1]: *** [CMakeFiles/Makefile2:137: CMakeFiles/ldlidar_stl_ros2_node.dir/all] Error 2
[4.906s] gmake: *** [Makefile:146: all] Error 2
[4.907s] Invoked command in '/home/zawl/Downloads/joe_cart/build/ldlidar_stl_ros2' returned '2': CMAKE_PREFIX_PATH=${CMAKE_PREFIX_PATH}:/opt/ros/jazzy DEBUGINFOD_URLS=https://debuginfod.ubuntu.com /usr/bin/cmake --build /home/zawl/Downloads/joe_cart/build/ldlidar_stl_ros2 -- -j8 -l8
