[01m[K/home/zawl/Downloads/joe_cart/src/ldlidar_stl_ros2/ldlidar_driver/src/logger/log_module.cpp:[m[K In member function â€˜[01m[Kvoid LogModule::[01;32m[KInitLock[m[K()[m[Kâ€™:
[01m[K/home/zawl/Downloads/joe_cart/src/ldlidar_stl_ros2/ldlidar_driver/src/logger/log_module.cpp:172:3:[m[K [01;31m[Kerror: [m[Kâ€˜[01m[Kpthread_mutex_init[m[Kâ€™ was not declared in this scope; did you mean â€˜[01m[Kpthread_mutex_t[m[Kâ€™?
  172 |   [01;31m[Kpthread_mutex_init[m[K(&mutex_lock_,NULL);
      |   [01;31m[K^~~~~~~~~~~~~~~~~~[m[K
      |   [32m[Kpthread_mutex_t[m[K
[01m[K/home/zawl/Downloads/joe_cart/src/ldlidar_stl_ros2/ldlidar_driver/src/logger/log_module.cpp:[m[K In member function â€˜[01m[Kvoid LogModule::[01;32m[KRealseLock[m[K()[m[Kâ€™:
[01m[K/home/zawl/Downloads/joe_cart/src/ldlidar_stl_ros2/ldlidar_driver/src/logger/log_module.cpp:180:9:[m[K [01;31m[Kerror: [m[Kâ€˜[01m[Kpthread_mutex_unlock[m[Kâ€™ was not declared in this scope; did you mean â€˜[01m[Kpthread_mutex_t[m[Kâ€™?
  180 |         [01;31m[Kpthread_mutex_unlock[m[K(&mutex_lock_);
      |         [01;31m[K^~~~~~~~~~~~~~~~~~~~[m[K
      |         [32m[Kpthread_mutex_t[m[K
[01m[K/home/zawl/Downloads/joe_cart/src/ldlidar_stl_ros2/ldlidar_driver/src/logger/log_module.cpp:[m[K In member function â€˜[01m[Kvoid LogModule::[01;32m[KLock[m[K()[m[Kâ€™:
[01m[K/home/zawl/Downloads/joe_cart/src/ldlidar_stl_ros2/ldlidar_driver/src/logger/log_module.cpp:188:9:[m[K [01;31m[Kerror: [m[Kâ€˜[01m[Kpthread_mutex_lock[m[Kâ€™ was not declared in this scope; did you mean â€˜[01m[Kpthread_mutex_t[m[Kâ€™?
  188 |         [01;31m[Kpthread_mutex_lock[m[K(&mutex_lock_);
      |         [01;31m[K^~~~~~~~~~~~~~~~~~[m[K
      |         [32m[Kpthread_mutex_t[m[K
[01m[K/home/zawl/Downloads/joe_cart/src/ldlidar_stl_ros2/ldlidar_driver/src/logger/log_module.cpp:[m[K In member function â€˜[01m[Kvoid LogModule::[01;32m[KUnLock[m[K()[m[Kâ€™:
[01m[K/home/zawl/Downloads/joe_cart/src/ldlidar_stl_ros2/ldlidar_driver/src/logger/log_module.cpp:196:9:[m[K [01;31m[Kerror: [m[Kâ€˜[01m[Kpthread_mutex_unlock[m[Kâ€™ was not declared in this scope; did you mean â€˜[01m[Kpthread_mutex_t[m[Kâ€™?
  196 |         [01;31m[Kpthread_mutex_unlock[m[K(&mutex_lock_);
      |         [01;31m[K^~~~~~~~~~~~~~~~~~~~[m[K
      |         [32m[Kpthread_mutex_t[m[K
gmake[2]: *** [CMakeFiles/ldlidar_stl_ros2_node.dir/build.make:132: CMakeFiles/ldlidar_stl_ros2_node.dir/ldlidar_driver/src/logger/log_module.cpp.o] Error 1
gmake[1]: *** [CMakeFiles/Makefile2:137: CMakeFiles/ldlidar_stl_ros2_node.dir/all] Error 2
gmake: *** [Makefile:146: all] Error 2
