[0.007s] Invoking command in '/home/zawl/Downloads/joe_cart/build/ldlidar_stl_ros2': CMAKE_PREFIX_PATH=${CMAKE_PREFIX_PATH}:/opt/ros/jazzy DEBUGINFOD_URLS=https://debuginfod.ubuntu.com /usr/bin/cmake --build /home/zawl/Downloads/joe_cart/build/ldlidar_stl_ros2 -- -j8 -l8
[0.025s] -- Found ament_cmake: 2.5.3 (/opt/ros/jazzy/share/ament_cmake/cmake)
[0.169s] -- Found rclcpp: 28.1.6 (/opt/ros/jazzy/share/rclcpp/cmake)
[0.188s] -- Found rosidl_generator_c: 4.6.5 (/opt/ros/jazzy/share/rosidl_generator_c/cmake)
[0.194s] -- Found rosidl_generator_cpp: 4.6.5 (/opt/ros/jazzy/share/rosidl_generator_cpp/cmake)
[0.201s] -- Using all available rosidl_typesupport_c: rosidl_typesupport_fastrtps_c;rosidl_typesupport_introspection_c
[0.210s] -- Using all available rosidl_typesupport_cpp: rosidl_typesupport_fastrtps_cpp;rosidl_typesupport_introspection_cpp
[0.252s] -- Found rmw_implementation_cmake: 7.3.1 (/opt/ros/jazzy/share/rmw_implementation_cmake/cmake)
[0.253s] -- Found rmw_fastrtps_cpp: 8.4.1 (/opt/ros/jazzy/share/rmw_fastrtps_cpp/cmake)
[0.297s] -- Using RMW implementation 'rmw_fastrtps_cpp' as default
[0.342s] -- Found sensor_msgs: 5.3.5 (/opt/ros/jazzy/share/sensor_msgs/cmake)
[0.378s] -- Found ament_lint_auto: 0.17.1 (/opt/ros/jazzy/share/ament_lint_auto/cmake)
[0.444s] -- Added test 'copyright' to check source files copyright and LICENSE
[0.445s] -- Added test 'cppcheck' to perform static code analysis on C / C++ code
[0.445s] -- Configured cppcheck include dirs: /home/zawl/Downloads/joe_cart/src/ldlidar_stl_ros2/include;/home/zawl/Downloads/joe_cart/src/ldlidar_stl_ros2/ldlidar_driver/include/core;/home/zawl/Downloads/joe_cart/src/ldlidar_stl_ros2/ldlidar_driver/include/dataprocess;/home/zawl/Downloads/joe_cart/src/ldlidar_stl_ros2/ldlidar_driver/include/filter;/home/zawl/Downloads/joe_cart/src/ldlidar_stl_ros2/ldlidar_driver/include/logger;/home/zawl/Downloads/joe_cart/src/ldlidar_stl_ros2/ldlidar_driver/include/networkcom;/home/zawl/Downloads/joe_cart/src/ldlidar_stl_ros2/ldlidar_driver/include/serialcom
[0.446s] -- Configured cppcheck exclude dirs and/or files: 
[0.447s] -- Added test 'cpplint' to check C / C++ code against the Google style
[0.447s] -- Configured cpplint exclude dirs and/or files: 
[0.447s] -- Added test 'flake8' to check Python code syntax and style conventions
[0.447s] -- Configured 'flake8' exclude dirs and/or files: 
[0.448s] -- Added test 'lint_cmake' to check CMake code style
[0.448s] -- Added test 'pep257' to check Python code against some of the docstring style conventions in PEP 257
[0.449s] -- Added test 'uncrustify' to check C / C++ code style
[0.449s] -- Configured uncrustify additional arguments: 
[0.449s] -- Added test 'xmllint' to check XML markup files
[0.450s] -- Configuring done (0.4s)
[0.457s] -- Generating done (0.0s)
[0.460s] -- Build files have been written to: /home/zawl/Downloads/joe_cart/build/ldlidar_stl_ros2
[0.500s] [ 12%] [32mBuilding CXX object CMakeFiles/ldlidar_stl_ros2_node.dir/ldlidar_driver/src/logger/log_module.cpp.o[0m
[0.636s] [01m[K/home/zawl/Downloads/joe_cart/src/ldlidar_stl_ros2/ldlidar_driver/src/logger/log_module.cpp:[m[K In member function â€˜[01m[Kvoid LogModule::[01;32m[KInitLock[m[K()[m[Kâ€™:
[0.636s] [01m[K/home/zawl/Downloads/joe_cart/src/ldlidar_stl_ros2/ldlidar_driver/src/logger/log_module.cpp:172:3:[m[K [01;31m[Kerror: [m[Kâ€˜[01m[Kpthread_mutex_init[m[Kâ€™ was not declared in this scope; did you mean â€˜[01m[Kpthread_mutex_t[m[Kâ€™?
[0.636s]   172 |   [01;31m[Kpthread_mutex_init[m[K(&mutex_lock_,NULL);
[0.637s]       |   [01;31m[K^~~~~~~~~~~~~~~~~~[m[K
[0.637s]       |   [32m[Kpthread_mutex_t[m[K
[0.638s] [01m[K/home/zawl/Downloads/joe_cart/src/ldlidar_stl_ros2/ldlidar_driver/src/logger/log_module.cpp:[m[K In member function â€˜[01m[Kvoid LogModule::[01;32m[KRealseLock[m[K()[m[Kâ€™:
[0.638s] [01m[K/home/zawl/Downloads/joe_cart/src/ldlidar_stl_ros2/ldlidar_driver/src/logger/log_module.cpp:180:9:[m[K [01;31m[Kerror: [m[Kâ€˜[01m[Kpthread_mutex_unlock[m[Kâ€™ was not declared in this scope; did you mean â€˜[01m[Kpthread_mutex_t[m[Kâ€™?
[0.638s]   180 |         [01;31m[Kpthread_mutex_unlock[m[K(&mutex_lock_);
[0.638s]       |         [01;31m[K^~~~~~~~~~~~~~~~~~~~[m[K
[0.638s]       |         [32m[Kpthread_mutex_t[m[K
[0.639s] [01m[K/home/zawl/Downloads/joe_cart/src/ldlidar_stl_ros2/ldlidar_driver/src/logger/log_module.cpp:[m[K In member function â€˜[01m[Kvoid LogModule::[01;32m[KLock[m[K()[m[Kâ€™:
[0.639s] [01m[K/home/zawl/Downloads/joe_cart/src/ldlidar_stl_ros2/ldlidar_driver/src/logger/log_module.cpp:188:9:[m[K [01;31m[Kerror: [m[Kâ€˜[01m[Kpthread_mutex_lock[m[Kâ€™ was not declared in this scope; did you mean â€˜[01m[Kpthread_mutex_t[m[Kâ€™?
[0.639s]   188 |         [01;31m[Kpthread_mutex_lock[m[K(&mutex_lock_);
[0.639s]       |         [01;31m[K^~~~~~~~~~~~~~~~~~[m[K
[0.639s]       |         [32m[Kpthread_mutex_t[m[K
[0.641s] [01m[K/home/zawl/Downloads/joe_cart/src/ldlidar_stl_ros2/ldlidar_driver/src/logger/log_module.cpp:[m[K In member function â€˜[01m[Kvoid LogModule::[01;32m[KUnLock[m[K()[m[Kâ€™:
[0.641s] [01m[K/home/zawl/Downloads/joe_cart/src/ldlidar_stl_ros2/ldlidar_driver/src/logger/log_module.cpp:196:9:[m[K [01;31m[Kerror: [m[Kâ€˜[01m[Kpthread_mutex_unlock[m[Kâ€™ was not declared in this scope; did you mean â€˜[01m[Kpthread_mutex_t[m[Kâ€™?
[0.641s]   196 |         [01;31m[Kpthread_mutex_unlock[m[K(&mutex_lock_);
[0.641s]       |         [01;31m[K^~~~~~~~~~~~~~~~~~~~[m[K
[0.641s]       |         [32m[Kpthread_mutex_t[m[K
[0.669s] gmake[2]: *** [CMakeFiles/ldlidar_stl_ros2_node.dir/build.make:132: CMakeFiles/ldlidar_stl_ros2_node.dir/ldlidar_driver/src/logger/log_module.cpp.o] Error 1
[0.669s] gmake[1]: *** [CMakeFiles/Makefile2:137: CMakeFiles/ldlidar_stl_ros2_node.dir/all] Error 2
[0.669s] gmake: *** [Makefile:146: all] Error 2
[0.670s] Invoked command in '/home/zawl/Downloads/joe_cart/build/ldlidar_stl_ros2' returned '2': CMAKE_PREFIX_PATH=${CMAKE_PREFIX_PATH}:/opt/ros/jazzy DEBUGINFOD_URLS=https://debuginfod.ubuntu.com /usr/bin/cmake --build /home/zawl/Downloads/joe_cart/build/ldlidar_stl_ros2 -- -j8 -l8
